<?xml version="1.0" encoding="UTF-8"?>
<!-- Generated by org.testng.reporters.JUnitXMLReporter -->
<testsuite hostname="DESIGNER23s-MBP" ignored="0" name="Default test" tests="5" failures="0" timestamp="2021-01-30T00:38:16 GST" time="86.188" errors="0">
  <testcase name="PinCheck" time="2.675" classname="com.ekar.tests.ekarTest"/>
  <testcase name="FirstImage" time="21.786" classname="com.ekar.tests.ekarTest"/>
  <testcase name="SecondImage" time="15.23" classname="com.ekar.tests.ekarTest"/>
  <testcase name="ThirdImage" time="15.416" classname="com.ekar.tests.ekarTest"/>
  <testcase name="FourthImage" time="15.684" classname="com.ekar.tests.ekarTest"/>
</testsuite> <!-- Default test -->
